{"C:\\Data\\Code\\NodeJS\\pwc\\beginner\\modules\\product\\controller\\product.controller.js": {"path":"C:\\Data\\Code\\NodeJS\\pwc\\beginner\\modules\\product\\controller\\product.controller.js","statementMap":{"0":{"start":{"line":4,"column":8},"end":{"line":4,"column":20}},"1":{"start":{"line":9,"column":8},"end":{"line":9,"column":20}},"2":{"start":{"line":14,"column":8},"end":{"line":14,"column":20}},"3":{"start":{"line":19,"column":8},"end":{"line":19,"column":20}},"4":{"start":{"line":24,"column":8},"end":{"line":24,"column":20}},"5":{"start":{"line":29,"column":8},"end":{"line":29,"column":20}},"6":{"start":{"line":34,"column":8},"end":{"line":34,"column":20}},"7":{"start":{"line":38,"column":0},"end":{"line":38,"column":35}}},"fnMap":{"0":{"name":"(anonymous_0)","decl":{"start":{"line":2,"column":4},"end":{"line":2,"column":5}},"loc":{"start":{"line":2,"column":35},"end":{"line":5,"column":5}},"line":2},"1":{"name":"(anonymous_1)","decl":{"start":{"line":7,"column":4},"end":{"line":7,"column":5}},"loc":{"start":{"line":7,"column":34},"end":{"line":10,"column":5}},"line":7},"2":{"name":"(anonymous_2)","decl":{"start":{"line":12,"column":4},"end":{"line":12,"column":5}},"loc":{"start":{"line":12,"column":34},"end":{"line":15,"column":5}},"line":12},"3":{"name":"(anonymous_3)","decl":{"start":{"line":17,"column":4},"end":{"line":17,"column":5}},"loc":{"start":{"line":17,"column":40},"end":{"line":20,"column":5}},"line":17},"4":{"name":"(anonymous_4)","decl":{"start":{"line":22,"column":4},"end":{"line":22,"column":5}},"loc":{"start":{"line":22,"column":31},"end":{"line":25,"column":5}},"line":22},"5":{"name":"(anonymous_5)","decl":{"start":{"line":27,"column":4},"end":{"line":27,"column":5}},"loc":{"start":{"line":27,"column":34},"end":{"line":30,"column":5}},"line":27},"6":{"name":"(anonymous_6)","decl":{"start":{"line":32,"column":4},"end":{"line":32,"column":5}},"loc":{"start":{"line":32,"column":34},"end":{"line":35,"column":5}},"line":32}},"branchMap":{},"s":{"0":2,"1":1,"2":2,"3":2,"4":3,"5":4,"6":4,"7":1},"f":{"0":2,"1":1,"2":2,"3":2,"4":3,"5":4,"6":4},"b":{},"_coverageSchema":"1a1c01bbd47fc00a2c39e90264f33305004495a9","hash":"0c48831df77bc0b0040e771a876bb72c895baac9"}
,"C:\\Data\\Code\\NodeJS\\pwc\\beginner\\modules\\product\\dao\\models\\cart.model.js": {"path":"C:\\Data\\Code\\NodeJS\\pwc\\beginner\\modules\\product\\dao\\models\\cart.model.js","statementMap":{"0":{"start":{"line":1,"column":17},"end":{"line":1,"column":36}},"1":{"start":{"line":3,"column":17},"end":{"line":3,"column":49}},"2":{"start":{"line":4,"column":0},"end":{"line":4,"column":52}}},"fnMap":{},"branchMap":{},"s":{"0":1,"1":1,"2":1},"f":{},"b":{},"_coverageSchema":"1a1c01bbd47fc00a2c39e90264f33305004495a9","hash":"e3a6bf5258c42a68df682585ad8b95acc514f1ed"}
,"C:\\Data\\Code\\NodeJS\\pwc\\beginner\\modules\\product\\dao\\models\\product.model.js": {"path":"C:\\Data\\Code\\NodeJS\\pwc\\beginner\\modules\\product\\dao\\models\\product.model.js","statementMap":{"0":{"start":{"line":1,"column":15},"end":{"line":1,"column":34}},"1":{"start":{"line":3,"column":20},"end":{"line":3,"column":56}},"2":{"start":{"line":4,"column":0},"end":{"line":4,"column":58}}},"fnMap":{},"branchMap":{},"s":{"0":1,"1":1,"2":1},"f":{},"b":{},"_coverageSchema":"1a1c01bbd47fc00a2c39e90264f33305004495a9","hash":"868b7849f999f1f64f2e07742722f4df93f1823f"}
,"C:\\Data\\Code\\NodeJS\\pwc\\beginner\\modules\\product\\dao\\schemas\\cart.shema.js": {"path":"C:\\Data\\Code\\NodeJS\\pwc\\beginner\\modules\\product\\dao\\schemas\\cart.shema.js","statementMap":{"0":{"start":{"line":1,"column":17},"end":{"line":1,"column":36}},"1":{"start":{"line":3,"column":23},"end":{"line":7,"column":2}},"2":{"start":{"line":9,"column":19},"end":{"line":14,"column":2}},"3":{"start":{"line":16,"column":0},"end":{"line":16,"column":28}}},"fnMap":{},"branchMap":{},"s":{"0":1,"1":1,"2":1,"3":1},"f":{},"b":{},"_coverageSchema":"1a1c01bbd47fc00a2c39e90264f33305004495a9","hash":"3b01b74cca8d1985928258c2897f94cb97c5ab1c"}
,"C:\\Data\\Code\\NodeJS\\pwc\\beginner\\modules\\product\\dao\\schemas\\product.schema.js": {"path":"C:\\Data\\Code\\NodeJS\\pwc\\beginner\\modules\\product\\dao\\schemas\\product.schema.js","statementMap":{"0":{"start":{"line":1,"column":17},"end":{"line":1,"column":36}},"1":{"start":{"line":3,"column":22},"end":{"line":10,"column":2}},"2":{"start":{"line":12,"column":0},"end":{"line":12,"column":31}}},"fnMap":{},"branchMap":{},"s":{"0":1,"1":1,"2":1},"f":{},"b":{},"_coverageSchema":"1a1c01bbd47fc00a2c39e90264f33305004495a9","hash":"c9ca926d42066f249e202a6957123e3c2715365f"}
,"C:\\Data\\Code\\NodeJS\\pwc\\beginner\\modules\\product\\routes\\product.routes.js": {"path":"C:\\Data\\Code\\NodeJS\\pwc\\beginner\\modules\\product\\routes\\product.routes.js","statementMap":{"0":{"start":{"line":1,"column":16},"end":{"line":1,"column":34}},"1":{"start":{"line":2,"column":15},"end":{"line":2,"column":31}},"2":{"start":{"line":4,"column":26},"end":{"line":4,"column":69}},"3":{"start":{"line":5,"column":26},"end":{"line":5,"column":49}},"4":{"start":{"line":7,"column":0},"end":{"line":7,"column":53}},"5":{"start":{"line":8,"column":0},"end":{"line":8,"column":56}},"6":{"start":{"line":9,"column":0},"end":{"line":9,"column":55}},"7":{"start":{"line":10,"column":0},"end":{"line":10,"column":71}},"8":{"start":{"line":11,"column":0},"end":{"line":11,"column":49}},"9":{"start":{"line":12,"column":0},"end":{"line":12,"column":52}},"10":{"start":{"line":13,"column":0},"end":{"line":13,"column":55}},"11":{"start":{"line":15,"column":0},"end":{"line":15,"column":24}}},"fnMap":{},"branchMap":{},"s":{"0":1,"1":1,"2":1,"3":1,"4":1,"5":1,"6":1,"7":1,"8":1,"9":1,"10":1,"11":1},"f":{},"b":{},"_coverageSchema":"1a1c01bbd47fc00a2c39e90264f33305004495a9","hash":"185a9611aeaa4898afdf70ab77c0a59f29e45d4e"}
,"C:\\Data\\Code\\NodeJS\\pwc\\beginner\\modules\\product\\service\\product.service.js": {"path":"C:\\Data\\Code\\NodeJS\\pwc\\beginner\\modules\\product\\service\\product.service.js","statementMap":{"0":{"start":{"line":11,"column":0},"end":{"line":11,"column":32}}},"fnMap":{"0":{"name":"(anonymous_0)","decl":{"start":{"line":2,"column":4},"end":{"line":2,"column":5}},"loc":{"start":{"line":2,"column":27},"end":{"line":2,"column":30}},"line":2},"1":{"name":"(anonymous_1)","decl":{"start":{"line":3,"column":4},"end":{"line":3,"column":5}},"loc":{"start":{"line":3,"column":37},"end":{"line":3,"column":40}},"line":3},"2":{"name":"(anonymous_2)","decl":{"start":{"line":4,"column":4},"end":{"line":4,"column":5}},"loc":{"start":{"line":4,"column":43},"end":{"line":4,"column":46}},"line":4},"3":{"name":"(anonymous_3)","decl":{"start":{"line":5,"column":4},"end":{"line":5,"column":5}},"loc":{"start":{"line":5,"column":32},"end":{"line":5,"column":35}},"line":5},"4":{"name":"(anonymous_4)","decl":{"start":{"line":6,"column":4},"end":{"line":6,"column":5}},"loc":{"start":{"line":6,"column":51},"end":{"line":6,"column":54}},"line":6},"5":{"name":"(anonymous_5)","decl":{"start":{"line":7,"column":4},"end":{"line":7,"column":5}},"loc":{"start":{"line":7,"column":35},"end":{"line":7,"column":38}},"line":7},"6":{"name":"(anonymous_6)","decl":{"start":{"line":8,"column":4},"end":{"line":8,"column":5}},"loc":{"start":{"line":8,"column":37},"end":{"line":8,"column":40}},"line":8}},"branchMap":{},"s":{"0":2},"f":{"0":0,"1":0,"2":0,"3":0,"4":0,"5":0,"6":0},"b":{},"_coverageSchema":"1a1c01bbd47fc00a2c39e90264f33305004495a9","hash":"01633317864643f8aec74343d7926d83e5684de4"}
,"C:\\Data\\Code\\NodeJS\\pwc\\beginner\\modules\\product\\service\\impl\\product.serviceImpl.js": {"path":"C:\\Data\\Code\\NodeJS\\pwc\\beginner\\modules\\product\\service\\impl\\product.serviceImpl.js","statementMap":{"0":{"start":{"line":1,"column":23},"end":{"line":1,"column":52}},"1":{"start":{"line":6,"column":8},"end":{"line":6,"column":20}},"2":{"start":{"line":11,"column":8},"end":{"line":11,"column":20}},"3":{"start":{"line":16,"column":8},"end":{"line":16,"column":20}},"4":{"start":{"line":21,"column":8},"end":{"line":21,"column":20}},"5":{"start":{"line":26,"column":8},"end":{"line":26,"column":20}},"6":{"start":{"line":31,"column":8},"end":{"line":31,"column":20}},"7":{"start":{"line":36,"column":8},"end":{"line":36,"column":20}},"8":{"start":{"line":40,"column":0},"end":{"line":40,"column":36}}},"fnMap":{"0":{"name":"(anonymous_0)","decl":{"start":{"line":4,"column":4},"end":{"line":4,"column":5}},"loc":{"start":{"line":4,"column":27},"end":{"line":7,"column":5}},"line":4},"1":{"name":"(anonymous_1)","decl":{"start":{"line":9,"column":4},"end":{"line":9,"column":5}},"loc":{"start":{"line":9,"column":37},"end":{"line":12,"column":5}},"line":9},"2":{"name":"(anonymous_2)","decl":{"start":{"line":14,"column":4},"end":{"line":14,"column":5}},"loc":{"start":{"line":14,"column":43},"end":{"line":17,"column":5}},"line":14},"3":{"name":"(anonymous_3)","decl":{"start":{"line":19,"column":4},"end":{"line":19,"column":5}},"loc":{"start":{"line":19,"column":32},"end":{"line":22,"column":5}},"line":19},"4":{"name":"(anonymous_4)","decl":{"start":{"line":24,"column":4},"end":{"line":24,"column":5}},"loc":{"start":{"line":24,"column":51},"end":{"line":27,"column":5}},"line":24},"5":{"name":"(anonymous_5)","decl":{"start":{"line":29,"column":4},"end":{"line":29,"column":5}},"loc":{"start":{"line":29,"column":35},"end":{"line":32,"column":5}},"line":29},"6":{"name":"(anonymous_6)","decl":{"start":{"line":34,"column":4},"end":{"line":34,"column":5}},"loc":{"start":{"line":34,"column":37},"end":{"line":37,"column":5}},"line":34}},"branchMap":{},"s":{"0":2,"1":0,"2":2,"3":2,"4":3,"5":4,"6":3,"7":0,"8":2},"f":{"0":0,"1":2,"2":2,"3":3,"4":4,"5":3,"6":0},"b":{},"_coverageSchema":"1a1c01bbd47fc00a2c39e90264f33305004495a9","hash":"9831c4863257645787e5aa9a1a7bf6c40e38c924"}
}
